<?xml version="1.0" encoding="UTF-8"?>
<coverage generated="1689975972327" clover="3.2.0">
  <project timestamp="1689975972327" name="All files">
    <metrics statements="161" coveredstatements="157" conditionals="58" coveredconditionals="51" methods="18" coveredmethods="18" elements="237" coveredelements="226" complexity="0" loc="161" ncloc="161" packages="5" files="7" classes="7"/>
    <package name="controllers">
      <metrics statements="51" coveredstatements="49" conditionals="4" coveredconditionals="4" methods="4" coveredmethods="4"/>
      <file name="weatherAlarm.ts" path="C:\Users\WackyMachine\Documents\GitHub\Cloud-App\src\controllers\weatherAlarm.ts">
        <metrics statements="21" coveredstatements="19" conditionals="0" coveredconditionals="0" methods="2" coveredmethods="2"/>
        <line num="11" count="1" type="stmt"/>
        <line num="12" count="1" type="stmt"/>
        <line num="13" count="1" type="stmt"/>
        <line num="15" count="1" type="stmt"/>
        <line num="16" count="1" type="stmt"/>
        <line num="17" count="1" type="stmt"/>
        <line num="19" count="1" type="stmt"/>
        <line num="20" count="1" type="stmt"/>
        <line num="21" count="1" type="stmt"/>
        <line num="23" count="1" type="stmt"/>
        <line num="25" count="1" type="stmt"/>
        <line num="27" count="0" type="stmt"/>
        <line num="35" count="1" type="stmt"/>
        <line num="36" count="1" type="stmt"/>
        <line num="37" count="1" type="stmt"/>
        <line num="38" count="1" type="stmt"/>
        <line num="39" count="1" type="stmt"/>
        <line num="40" count="1" type="stmt"/>
        <line num="42" count="1" type="stmt"/>
        <line num="44" count="1" type="stmt"/>
        <line num="46" count="0" type="stmt"/>
      </file>
      <file name="weatherHistory.ts" path="C:\Users\WackyMachine\Documents\GitHub\Cloud-App\src\controllers\weatherHistory.ts">
        <metrics statements="30" coveredstatements="30" conditionals="4" coveredconditionals="4" methods="2" coveredmethods="2"/>
        <line num="12" count="1" type="stmt"/>
        <line num="13" count="3" type="stmt"/>
        <line num="14" count="3" type="stmt"/>
        <line num="16" count="3" type="stmt"/>
        <line num="18" count="3" type="cond" truecount="2" falsecount="0"/>
        <line num="19" count="1" type="stmt"/>
        <line num="22" count="2" type="stmt"/>
        <line num="23" count="2" type="stmt"/>
        <line num="25" count="2" type="stmt"/>
        <line num="27" count="1" type="stmt"/>
        <line num="28" count="1" type="stmt"/>
        <line num="29" count="1" type="stmt"/>
        <line num="31" count="1" type="stmt"/>
        <line num="33" count="2" type="stmt"/>
        <line num="42" count="1" type="stmt"/>
        <line num="43" count="3" type="stmt"/>
        <line num="44" count="3" type="stmt"/>
        <line num="46" count="3" type="stmt"/>
        <line num="48" count="3" type="cond" truecount="2" falsecount="0"/>
        <line num="49" count="2" type="stmt"/>
        <line num="52" count="1" type="stmt"/>
        <line num="53" count="1" type="stmt"/>
        <line num="55" count="1" type="stmt"/>
        <line num="57" count="1" type="stmt"/>
        <line num="58" count="1" type="stmt"/>
        <line num="59" count="1" type="stmt"/>
        <line num="61" count="1" type="stmt"/>
        <line num="63" count="1" type="stmt"/>
        <line num="65" count="1" type="stmt"/>
        <line num="67" count="2" type="stmt"/>
      </file>
    </package>
    <package name="controllers.geoAPI">
      <metrics statements="11" coveredstatements="10" conditionals="9" coveredconditionals="8" methods="1" coveredmethods="1"/>
      <file name="cityLocation.ts" path="C:\Users\WackyMachine\Documents\GitHub\Cloud-App\src\controllers\geoAPI\cityLocation.ts">
        <metrics statements="11" coveredstatements="10" conditionals="9" coveredconditionals="8" methods="1" coveredmethods="1"/>
        <line num="9" count="4" type="stmt"/>
        <line num="10" count="4" type="cond" truecount="4" falsecount="0"/>
        <line num="11" count="1" type="stmt"/>
        <line num="14" count="3" type="stmt"/>
        <line num="15" count="3" type="stmt"/>
        <line num="16" count="2" type="stmt"/>
        <line num="18" count="2" type="cond" truecount="4" falsecount="1"/>
        <line num="19" count="2" type="stmt"/>
        <line num="23" count="2" type="stmt"/>
        <line num="26" count="0" type="stmt"/>
        <line num="29" count="2" type="stmt"/>
      </file>
    </package>
    <package name="controllers.historyCalculator">
      <metrics statements="54" coveredstatements="53" conditionals="17" coveredconditionals="16" methods="8" coveredmethods="8"/>
      <file name="dateCalculator.ts" path="C:\Users\WackyMachine\Documents\GitHub\Cloud-App\src\controllers\historyCalculator\dateCalculator.ts">
        <metrics statements="19" coveredstatements="18" conditionals="13" coveredconditionals="12" methods="3" coveredmethods="3"/>
        <line num="7" count="6" type="stmt"/>
        <line num="9" count="6" type="stmt"/>
        <line num="11" count="6" type="cond" truecount="2" falsecount="0"/>
        <line num="12" count="2" type="cond" truecount="2" falsecount="0"/>
        <line num="13" count="1" type="stmt"/>
        <line num="15" count="1" type="stmt"/>
        <line num="18" count="4" type="cond" truecount="1" falsecount="1"/>
        <line num="19" count="0" type="stmt"/>
        <line num="21" count="4" type="stmt"/>
        <line num="25" count="6" type="stmt"/>
        <line num="27" count="6" type="stmt"/>
        <line num="28" count="6" type="stmt"/>
        <line num="30" count="6" type="stmt"/>
        <line num="35" count="6" type="stmt"/>
        <line num="44" count="7" type="stmt"/>
        <line num="51" count="7" type="cond" truecount="4" falsecount="0"/>
        <line num="52" count="6" type="stmt"/>
        <line num="54" count="1" type="stmt"/>
        <line num="63" count="4" type="cond" truecount="3" falsecount="0"/>
      </file>
      <file name="monthCalculator.ts" path="C:\Users\WackyMachine\Documents\GitHub\Cloud-App\src\controllers\historyCalculator\monthCalculator.ts">
        <metrics statements="35" coveredstatements="35" conditionals="4" coveredconditionals="4" methods="5" coveredmethods="5"/>
        <line num="14" count="2" type="stmt"/>
        <line num="17" count="2" type="stmt"/>
        <line num="18" count="730" type="stmt"/>
        <line num="19" count="730" type="stmt"/>
        <line num="20" count="730" type="stmt"/>
        <line num="21" count="730" type="stmt"/>
        <line num="22" count="730" type="stmt"/>
        <line num="25" count="730" type="cond" truecount="2" falsecount="0"/>
        <line num="26" count="4" type="stmt"/>
        <line num="29" count="730" type="cond" truecount="2" falsecount="0"/>
        <line num="30" count="24" type="stmt"/>
        <line num="32" count="706" type="stmt"/>
        <line num="33" count="706" type="stmt"/>
        <line num="37" count="2" type="stmt"/>
        <line num="38" count="2" type="stmt"/>
        <line num="39" count="4" type="stmt"/>
        <line num="40" count="4" type="stmt"/>
        <line num="41" count="4" type="stmt"/>
        <line num="47" count="2" type="stmt"/>
        <line num="56" count="5" type="stmt"/>
        <line num="58" count="5" type="stmt"/>
        <line num="59" count="36" type="stmt"/>
        <line num="60" count="1095" type="stmt"/>
        <line num="61" count="36" type="stmt"/>
        <line num="62" count="36" type="stmt"/>
        <line num="63" count="36" type="stmt"/>
        <line num="66" count="5" type="stmt"/>
        <line num="75" count="5" type="stmt"/>
        <line num="77" count="5" type="stmt"/>
        <line num="78" count="36" type="stmt"/>
        <line num="79" count="1095" type="stmt"/>
        <line num="80" count="36" type="stmt"/>
        <line num="81" count="36" type="stmt"/>
        <line num="82" count="36" type="stmt"/>
        <line num="85" count="5" type="stmt"/>
      </file>
      <file name="weatherForecast.ts" path="C:\Users\WackyMachine\Documents\GitHub\Cloud-App\src\controllers\weatherForecast.ts">
        <metrics statements="13" coveredstatements="13" conditionals="2" coveredconditionals="2" methods="1" coveredmethods="1"/>
        <line num="10" count="1" type="stmt"/>
        <line num="11" count="3" type="stmt"/>
        <line num="12" count="3" type="stmt"/>
        <line num="13" count="3" type="stmt"/>
        <line num="15" count="3" type="stmt"/>
        <line num="17" count="3" type="cond" truecount="2" falsecount="0"/>
        <line num="18" count="1" type="stmt"/>
        <line num="21" count="2" type="stmt"/>
        <line num="23" count="2" type="stmt"/>
        <line num="24" count="2" type="stmt"/>
        <line num="25" count="1" type="stmt"/>
        <line num="27" count="1" type="stmt"/>
        <line num="29" count="2" type="stmt"/>
      </file>
    </package>
    <package name="controllers.hourPrediction">
      <metrics statements="24" coveredstatements="24" conditionals="14" coveredconditionals="12" methods="2" coveredmethods="2"/>
      <file name="weatherUtils.ts" path="C:\Users\WackyMachine\Documents\GitHub\Cloud-App\src\controllers\hourPrediction\weatherUtils.ts">
        <metrics statements="24" coveredstatements="24" conditionals="14" coveredconditionals="12" methods="2" coveredmethods="2"/>
        <line num="8" count="2" type="stmt"/>
        <line num="9" count="2" type="stmt"/>
        <line num="11" count="2" type="stmt"/>
        <line num="12" count="2" type="stmt"/>
        <line num="13" count="48" type="stmt"/>
        <line num="14" count="48" type="stmt"/>
        <line num="16" count="48" type="cond" truecount="2" falsecount="0"/>
        <line num="17" count="2" type="stmt"/>
        <line num="18" count="2" type="stmt"/>
        <line num="21" count="2" type="stmt"/>
        <line num="22" count="2" type="cond" truecount="1" falsecount="1"/>
        <line num="23" count="2" type="stmt"/>
        <line num="24" count="2" type="cond" truecount="1" falsecount="1"/>
        <line num="25" count="2" type="stmt"/>
        <line num="26" count="2" type="stmt"/>
        <line num="30" count="2" type="stmt"/>
        <line num="42" count="8" type="cond" truecount="2" falsecount="0"/>
        <line num="43" count="1" type="stmt"/>
        <line num="48" count="7" type="cond" truecount="4" falsecount="0"/>
        <line num="49" count="1" type="stmt"/>
        <line num="54" count="6" type="cond" truecount="2" falsecount="0"/>
        <line num="55" count="1" type="stmt"/>
        <line num="61" count="5" type="stmt"/>
        <line num="68" count="8" type="stmt"/>
      </file>
    </package>
    <package name="controllers.nextDayPrediction">
      <metrics statements="21" coveredstatements="21" conditionals="14" coveredconditionals="11" methods="3" coveredmethods="3"/>
      <file name="weatherCalculator.ts" path="C:\Users\WackyMachine\Documents\GitHub\Cloud-App\src\controllers\nextDayPrediction\weatherCalculator.ts">
        <metrics statements="21" coveredstatements="21" conditionals="14" coveredconditionals="11" methods="3" coveredmethods="3"/>
        <line num="11" count="4" type="cond" truecount="1" falsecount="1"/>
        <line num="12" count="4" type="stmt"/>
        <line num="13" count="4" type="stmt"/>
        <line num="16" count="4" type="cond" truecount="2" falsecount="0"/>
        <line num="17" count="1" type="stmt"/>
        <line num="21" count="3" type="cond" truecount="2" falsecount="0"/>
        <line num="22" count="1" type="stmt"/>
        <line num="27" count="2" type="stmt"/>
        <line num="32" count="4" type="stmt"/>
        <line num="42" count="6" type="stmt"/>
        <line num="43" count="118" type="cond" truecount="1" falsecount="1"/>
        <line num="44" count="118" type="stmt"/>
        <line num="45" count="118" type="cond" truecount="2" falsecount="0"/>
        <line num="46" count="2" type="stmt"/>
        <line num="51" count="4" type="stmt"/>
        <line num="60" count="6" type="stmt"/>
        <line num="61" count="113" type="cond" truecount="1" falsecount="1"/>
        <line num="62" count="113" type="stmt"/>
        <line num="63" count="113" type="cond" truecount="2" falsecount="0"/>
        <line num="64" count="2" type="stmt"/>
        <line num="69" count="4" type="stmt"/>
      </file>
    </package>
  </project>
</coverage>
