{"C:\\Users\\WackyMachine\\Documents\\GitHub\\Cloud-App\\src\\controllers\\weatherAlarm.ts": {"path":"C:\\Users\\WackyMachine\\Documents\\GitHub\\Cloud-App\\src\\controllers\\weatherAlarm.ts","statementMap":{"0":{"start":{"line":11,"column":30},"end":{"line":29,"column":1}},"1":{"start":{"line":12,"column":4},"end":{"line":28,"column":5}},"2":{"start":{"line":13,"column":40},"end":{"line":13,"column":49}},"3":{"start":{"line":15,"column":28},"end":{"line":15,"column":38}},"4":{"start":{"line":16,"column":8},"end":{"line":16,"column":55}},"5":{"start":{"line":17,"column":29},"end":{"line":17,"column":67}},"6":{"start":{"line":19,"column":20},"end":{"line":19,"column":200}},"7":{"start":{"line":20,"column":25},"end":{"line":20,"column":45}},"8":{"start":{"line":21,"column":21},"end":{"line":21,"column":34}},"9":{"start":{"line":23,"column":30},"end":{"line":23,"column":70}},"10":{"start":{"line":25,"column":8},"end":{"line":25,"column":32}},"11":{"start":{"line":27,"column":8},"end":{"line":27,"column":94}},"12":{"start":{"line":35,"column":30},"end":{"line":48,"column":1}},"13":{"start":{"line":36,"column":4},"end":{"line":47,"column":5}},"14":{"start":{"line":37,"column":40},"end":{"line":37,"column":49}},"15":{"start":{"line":38,"column":20},"end":{"line":38,"column":170}},"16":{"start":{"line":39,"column":25},"end":{"line":39,"column":45}},"17":{"start":{"line":40,"column":21},"end":{"line":40,"column":34}},"18":{"start":{"line":42,"column":30},"end":{"line":42,"column":53}},"19":{"start":{"line":44,"column":8},"end":{"line":44,"column":32}},"20":{"start":{"line":46,"column":8},"end":{"line":46,"column":94}}},"fnMap":{"0":{"name":"(anonymous_0)","decl":{"start":{"line":11,"column":30},"end":{"line":11,"column":31}},"loc":{"start":{"line":11,"column":69},"end":{"line":29,"column":1}},"line":11},"1":{"name":"(anonymous_1)","decl":{"start":{"line":35,"column":30},"end":{"line":35,"column":31}},"loc":{"start":{"line":35,"column":69},"end":{"line":48,"column":1}},"line":35}},"branchMap":{},"s":{"0":1,"1":1,"2":1,"3":1,"4":1,"5":1,"6":1,"7":1,"8":1,"9":1,"10":1,"11":0,"12":1,"13":1,"14":1,"15":1,"16":1,"17":1,"18":1,"19":1,"20":0},"f":{"0":1,"1":1},"b":{},"_coverageSchema":"1a1c01bbd47fc00a2c39e90264f33305004495a9","hash":"fb2f944f2567f42d1207f73921672c71370f27da"}
,"C:\\Users\\WackyMachine\\Documents\\GitHub\\Cloud-App\\src\\controllers\\weatherHistory.ts": {"path":"C:\\Users\\WackyMachine\\Documents\\GitHub\\Cloud-App\\src\\controllers\\weatherHistory.ts","statementMap":{"0":{"start":{"line":12,"column":30},"end":{"line":35,"column":1}},"1":{"start":{"line":13,"column":4},"end":{"line":34,"column":5}},"2":{"start":{"line":14,"column":29},"end":{"line":14,"column":53}},"3":{"start":{"line":16,"column":29},"end":{"line":16,"column":50}},"4":{"start":{"line":18,"column":8},"end":{"line":20,"column":9}},"5":{"start":{"line":19,"column":12},"end":{"line":19,"column":42}},"6":{"start":{"line":22,"column":22},"end":{"line":22,"column":32}},"7":{"start":{"line":23,"column":21},"end":{"line":23,"column":42}},"8":{"start":{"line":25,"column":40},"end":{"line":25,"column":52}},"9":{"start":{"line":27,"column":20},"end":{"line":27,"column":248}},"10":{"start":{"line":28,"column":25},"end":{"line":28,"column":45}},"11":{"start":{"line":29,"column":21},"end":{"line":29,"column":34}},"12":{"start":{"line":31,"column":8},"end":{"line":31,"column":23}},"13":{"start":{"line":33,"column":8},"end":{"line":33,"column":94}},"14":{"start":{"line":42,"column":38},"end":{"line":69,"column":1}},"15":{"start":{"line":43,"column":4},"end":{"line":68,"column":5}},"16":{"start":{"line":44,"column":29},"end":{"line":44,"column":53}},"17":{"start":{"line":46,"column":29},"end":{"line":46,"column":50}},"18":{"start":{"line":48,"column":8},"end":{"line":50,"column":9}},"19":{"start":{"line":49,"column":12},"end":{"line":49,"column":42}},"20":{"start":{"line":52,"column":22},"end":{"line":52,"column":32}},"21":{"start":{"line":53,"column":21},"end":{"line":53,"column":42}},"22":{"start":{"line":55,"column":40},"end":{"line":55,"column":52}},"23":{"start":{"line":57,"column":20},"end":{"line":57,"column":248}},"24":{"start":{"line":58,"column":25},"end":{"line":58,"column":45}},"25":{"start":{"line":59,"column":21},"end":{"line":59,"column":34}},"26":{"start":{"line":61,"column":8},"end":{"line":61,"column":26}},"27":{"start":{"line":63,"column":23},"end":{"line":63,"column":58}},"28":{"start":{"line":65,"column":8},"end":{"line":65,"column":25}},"29":{"start":{"line":67,"column":8},"end":{"line":67,"column":94}}},"fnMap":{"0":{"name":"(anonymous_0)","decl":{"start":{"line":12,"column":30},"end":{"line":12,"column":31}},"loc":{"start":{"line":12,"column":69},"end":{"line":35,"column":1}},"line":12},"1":{"name":"(anonymous_1)","decl":{"start":{"line":42,"column":38},"end":{"line":42,"column":39}},"loc":{"start":{"line":42,"column":77},"end":{"line":69,"column":1}},"line":42}},"branchMap":{"0":{"loc":{"start":{"line":18,"column":8},"end":{"line":20,"column":9}},"type":"if","locations":[{"start":{"line":18,"column":8},"end":{"line":20,"column":9}},{"start":{},"end":{}}],"line":18},"1":{"loc":{"start":{"line":48,"column":8},"end":{"line":50,"column":9}},"type":"if","locations":[{"start":{"line":48,"column":8},"end":{"line":50,"column":9}},{"start":{},"end":{}}],"line":48}},"s":{"0":1,"1":3,"2":3,"3":3,"4":3,"5":1,"6":2,"7":2,"8":2,"9":1,"10":1,"11":1,"12":1,"13":2,"14":1,"15":3,"16":3,"17":3,"18":3,"19":2,"20":1,"21":1,"22":1,"23":1,"24":1,"25":1,"26":1,"27":1,"28":1,"29":2},"f":{"0":3,"1":3},"b":{"0":[1,2],"1":[2,1]},"_coverageSchema":"1a1c01bbd47fc00a2c39e90264f33305004495a9","hash":"653ca426a0d612acff0c7f343dee1f9fe559a92f"}
,"C:\\Users\\WackyMachine\\Documents\\GitHub\\Cloud-App\\src\\controllers\\geoAPI\\cityLocation.ts": {"path":"C:\\Users\\WackyMachine\\Documents\\GitHub\\Cloud-App\\src\\controllers\\geoAPI\\cityLocation.ts","statementMap":{"0":{"start":{"line":9,"column":4},"end":{"line":30,"column":5}},"1":{"start":{"line":10,"column":8},"end":{"line":12,"column":9}},"2":{"start":{"line":11,"column":12},"end":{"line":11,"column":51}},"3":{"start":{"line":14,"column":20},"end":{"line":14,"column":113}},"4":{"start":{"line":15,"column":25},"end":{"line":15,"column":45}},"5":{"start":{"line":16,"column":21},"end":{"line":16,"column":34}},"6":{"start":{"line":18,"column":8},"end":{"line":24,"column":9}},"7":{"start":{"line":19,"column":32},"end":{"line":22,"column":13}},"8":{"start":{"line":23,"column":12},"end":{"line":23,"column":31}},"9":{"start":{"line":26,"column":8},"end":{"line":26,"column":60}},"10":{"start":{"line":29,"column":8},"end":{"line":29,"column":70}}},"fnMap":{"0":{"name":"cityFetch","decl":{"start":{"line":8,"column":22},"end":{"line":8,"column":31}},"loc":{"start":{"line":8,"column":46},"end":{"line":31,"column":1}},"line":8}},"branchMap":{"0":{"loc":{"start":{"line":10,"column":8},"end":{"line":12,"column":9}},"type":"if","locations":[{"start":{"line":10,"column":8},"end":{"line":12,"column":9}},{"start":{},"end":{}}],"line":10},"1":{"loc":{"start":{"line":10,"column":12},"end":{"line":10,"column":40}},"type":"binary-expr","locations":[{"start":{"line":10,"column":12},"end":{"line":10,"column":23}},{"start":{"line":10,"column":27},"end":{"line":10,"column":40}}],"line":10},"2":{"loc":{"start":{"line":18,"column":8},"end":{"line":24,"column":9}},"type":"if","locations":[{"start":{"line":18,"column":8},"end":{"line":24,"column":9}},{"start":{},"end":{}}],"line":18},"3":{"loc":{"start":{"line":18,"column":12},"end":{"line":18,"column":59}},"type":"binary-expr","locations":[{"start":{"line":18,"column":12},"end":{"line":18,"column":16}},{"start":{"line":18,"column":20},"end":{"line":18,"column":32}},{"start":{"line":18,"column":36},"end":{"line":18,"column":59}}],"line":18}},"s":{"0":4,"1":4,"2":1,"3":3,"4":3,"5":2,"6":2,"7":2,"8":2,"9":0,"10":2},"f":{"0":4},"b":{"0":[1,3],"1":[4,3],"2":[2,0],"3":[2,2,2]},"_coverageSchema":"1a1c01bbd47fc00a2c39e90264f33305004495a9","hash":"b900769baf6376865e47ddb6660eb54ee53b688f"}
,"C:\\Users\\WackyMachine\\Documents\\GitHub\\Cloud-App\\src\\controllers\\historyCalculator\\dateCalculator.ts": {"path":"C:\\Users\\WackyMachine\\Documents\\GitHub\\Cloud-App\\src\\controllers\\historyCalculator\\dateCalculator.ts","statementMap":{"0":{"start":{"line":7,"column":20},"end":{"line":7,"column":34}},"1":{"start":{"line":9,"column":4},"end":{"line":9,"column":45}},"2":{"start":{"line":11,"column":4},"end":{"line":23,"column":5}},"3":{"start":{"line":12,"column":8},"end":{"line":16,"column":9}},"4":{"start":{"line":13,"column":12},"end":{"line":13,"column":32}},"5":{"start":{"line":15,"column":12},"end":{"line":15,"column":32}},"6":{"start":{"line":18,"column":8},"end":{"line":22,"column":9}},"7":{"start":{"line":19,"column":12},"end":{"line":19,"column":32}},"8":{"start":{"line":21,"column":12},"end":{"line":21,"column":32}},"9":{"start":{"line":25,"column":22},"end":{"line":25,"column":36}},"10":{"start":{"line":27,"column":4},"end":{"line":27,"column":56}},"11":{"start":{"line":28,"column":4},"end":{"line":28,"column":25}},"12":{"start":{"line":30,"column":19},"end":{"line":33,"column":5}},"13":{"start":{"line":35,"column":4},"end":{"line":35,"column":17}},"14":{"start":{"line":44,"column":24},"end":{"line":49,"column":5}},"15":{"start":{"line":51,"column":4},"end":{"line":55,"column":5}},"16":{"start":{"line":52,"column":8},"end":{"line":52,"column":34}},"17":{"start":{"line":54,"column":8},"end":{"line":54,"column":21}},"18":{"start":{"line":63,"column":4},"end":{"line":63,"column":68}}},"fnMap":{"0":{"name":"determineDates","decl":{"start":{"line":6,"column":16},"end":{"line":6,"column":30}},"loc":{"start":{"line":6,"column":43},"end":{"line":36,"column":1}},"line":6},"1":{"name":"determineMonth","decl":{"start":{"line":43,"column":16},"end":{"line":43,"column":30}},"loc":{"start":{"line":43,"column":55},"end":{"line":56,"column":1}},"line":43},"2":{"name":"determineLeapYear","decl":{"start":{"line":62,"column":16},"end":{"line":62,"column":33}},"loc":{"start":{"line":62,"column":57},"end":{"line":64,"column":1}},"line":62}},"branchMap":{"0":{"loc":{"start":{"line":11,"column":4},"end":{"line":23,"column":5}},"type":"if","locations":[{"start":{"line":11,"column":4},"end":{"line":23,"column":5}},{"start":{"line":17,"column":11},"end":{"line":23,"column":5}}],"line":11},"1":{"loc":{"start":{"line":12,"column":8},"end":{"line":16,"column":9}},"type":"if","locations":[{"start":{"line":12,"column":8},"end":{"line":16,"column":9}},{"start":{"line":14,"column":15},"end":{"line":16,"column":9}}],"line":12},"2":{"loc":{"start":{"line":18,"column":8},"end":{"line":22,"column":9}},"type":"if","locations":[{"start":{"line":18,"column":8},"end":{"line":22,"column":9}},{"start":{"line":20,"column":15},"end":{"line":22,"column":9}}],"line":18},"3":{"loc":{"start":{"line":51,"column":4},"end":{"line":55,"column":5}},"type":"if","locations":[{"start":{"line":51,"column":4},"end":{"line":55,"column":5}},{"start":{"line":53,"column":11},"end":{"line":55,"column":5}}],"line":51},"4":{"loc":{"start":{"line":51,"column":8},"end":{"line":51,"column":33}},"type":"binary-expr","locations":[{"start":{"line":51,"column":8},"end":{"line":51,"column":18}},{"start":{"line":51,"column":22},"end":{"line":51,"column":33}}],"line":51},"5":{"loc":{"start":{"line":63,"column":11},"end":{"line":63,"column":67}},"type":"binary-expr","locations":[{"start":{"line":63,"column":12},"end":{"line":63,"column":26}},{"start":{"line":63,"column":30},"end":{"line":63,"column":46}},{"start":{"line":63,"column":51},"end":{"line":63,"column":67}}],"line":63}},"s":{"0":6,"1":6,"2":6,"3":2,"4":1,"5":1,"6":4,"7":0,"8":4,"9":6,"10":6,"11":6,"12":6,"13":6,"14":7,"15":7,"16":6,"17":1,"18":4},"f":{"0":6,"1":7,"2":4},"b":{"0":[2,4],"1":[1,1],"2":[0,4],"3":[6,1],"4":[7,7],"5":[4,2,2]},"_coverageSchema":"1a1c01bbd47fc00a2c39e90264f33305004495a9","hash":"7a6b8f30dd7909f538064d055753833c00d80288"}
,"C:\\Users\\WackyMachine\\Documents\\GitHub\\Cloud-App\\src\\controllers\\historyCalculator\\monthCalculator.ts": {"path":"C:\\Users\\WackyMachine\\Documents\\GitHub\\Cloud-App\\src\\controllers\\historyCalculator\\monthCalculator.ts","statementMap":{"0":{"start":{"line":14,"column":120},"end":{"line":14,"column":122}},"1":{"start":{"line":17,"column":4},"end":{"line":35,"column":5}},"2":{"start":{"line":17,"column":17},"end":{"line":17,"column":18}},"3":{"start":{"line":18,"column":21},"end":{"line":18,"column":43}},"4":{"start":{"line":19,"column":21},"end":{"line":19,"column":39}},"5":{"start":{"line":20,"column":22},"end":{"line":20,"column":37}},"6":{"start":{"line":21,"column":28},"end":{"line":21,"column":55}},"7":{"start":{"line":22,"column":30},"end":{"line":22,"column":55}},"8":{"start":{"line":25,"column":8},"end":{"line":27,"column":9}},"9":{"start":{"line":26,"column":12},"end":{"line":26,"column":38}},"10":{"start":{"line":29,"column":8},"end":{"line":34,"column":9}},"11":{"start":{"line":30,"column":12},"end":{"line":30,"column":105}},"12":{"start":{"line":32,"column":12},"end":{"line":32,"column":70}},"13":{"start":{"line":33,"column":12},"end":{"line":33,"column":74}},"14":{"start":{"line":37,"column":36},"end":{"line":37,"column":38}},"15":{"start":{"line":38,"column":4},"end":{"line":45,"column":5}},"16":{"start":{"line":39,"column":35},"end":{"line":39,"column":77}},"17":{"start":{"line":40,"column":37},"end":{"line":40,"column":81}},"18":{"start":{"line":41,"column":8},"end":{"line":44,"column":12}},"19":{"start":{"line":47,"column":4},"end":{"line":47,"column":18}},"20":{"start":{"line":56,"column":50},"end":{"line":56,"column":52}},"21":{"start":{"line":58,"column":4},"end":{"line":64,"column":5}},"22":{"start":{"line":59,"column":27},"end":{"line":59,"column":50}},"23":{"start":{"line":60,"column":18},"end":{"line":60,"column":83}},"24":{"start":{"line":60,"column":69},"end":{"line":60,"column":79}},"25":{"start":{"line":61,"column":22},"end":{"line":61,"column":47}},"26":{"start":{"line":62,"column":32},"end":{"line":62,"column":62}},"27":{"start":{"line":63,"column":6},"end":{"line":63,"column":52}},"28":{"start":{"line":66,"column":4},"end":{"line":66,"column":20}},"29":{"start":{"line":75,"column":50},"end":{"line":75,"column":52}},"30":{"start":{"line":77,"column":4},"end":{"line":83,"column":5}},"31":{"start":{"line":78,"column":29},"end":{"line":78,"column":54}},"32":{"start":{"line":79,"column":18},"end":{"line":79,"column":85}},"33":{"start":{"line":79,"column":71},"end":{"line":79,"column":81}},"34":{"start":{"line":80,"column":22},"end":{"line":80,"column":49}},"35":{"start":{"line":81,"column":32},"end":{"line":81,"column":62}},"36":{"start":{"line":82,"column":6},"end":{"line":82,"column":52}},"37":{"start":{"line":85,"column":4},"end":{"line":85,"column":20}}},"fnMap":{"0":{"name":"calculatePerMonth","decl":{"start":{"line":13,"column":16},"end":{"line":13,"column":33}},"loc":{"start":{"line":13,"column":45},"end":{"line":48,"column":1}},"line":13},"1":{"name":"calculateTempurature","decl":{"start":{"line":55,"column":16},"end":{"line":55,"column":36}},"loc":{"start":{"line":55,"column":77},"end":{"line":67,"column":1}},"line":55},"2":{"name":"(anonymous_2)","decl":{"start":{"line":60,"column":38},"end":{"line":60,"column":39}},"loc":{"start":{"line":60,"column":69},"end":{"line":60,"column":79}},"line":60},"3":{"name":"calculatePrecipitation","decl":{"start":{"line":74,"column":18},"end":{"line":74,"column":40}},"loc":{"start":{"line":74,"column":81},"end":{"line":86,"column":1}},"line":74},"4":{"name":"(anonymous_4)","decl":{"start":{"line":79,"column":40},"end":{"line":79,"column":41}},"loc":{"start":{"line":79,"column":71},"end":{"line":79,"column":81}},"line":79}},"branchMap":{"0":{"loc":{"start":{"line":25,"column":8},"end":{"line":27,"column":9}},"type":"if","locations":[{"start":{"line":25,"column":8},"end":{"line":27,"column":9}},{"start":{},"end":{}}],"line":25},"1":{"loc":{"start":{"line":29,"column":8},"end":{"line":34,"column":9}},"type":"if","locations":[{"start":{"line":29,"column":8},"end":{"line":34,"column":9}},{"start":{"line":31,"column":17},"end":{"line":34,"column":9}}],"line":29}},"s":{"0":2,"1":2,"2":2,"3":730,"4":730,"5":730,"6":730,"7":730,"8":730,"9":4,"10":730,"11":24,"12":706,"13":706,"14":2,"15":2,"16":4,"17":4,"18":4,"19":2,"20":5,"21":5,"22":36,"23":36,"24":1095,"25":36,"26":36,"27":36,"28":5,"29":5,"30":5,"31":36,"32":36,"33":1095,"34":36,"35":36,"36":36,"37":5},"f":{"0":2,"1":5,"2":1095,"3":5,"4":1095},"b":{"0":[4,726],"1":[24,706]},"_coverageSchema":"1a1c01bbd47fc00a2c39e90264f33305004495a9","hash":"4e39b149138422ace5366b2c36474916d9669bc0"}
,"C:\\Users\\WackyMachine\\Documents\\GitHub\\Cloud-App\\src\\controllers\\hourPrediction\\weatherUtils.ts": {"path":"C:\\Users\\WackyMachine\\Documents\\GitHub\\Cloud-App\\src\\controllers\\hourPrediction\\weatherUtils.ts","statementMap":{"0":{"start":{"line":8,"column":24},"end":{"line":8,"column":48}},"1":{"start":{"line":9,"column":23},"end":{"line":9,"column":39}},"2":{"start":{"line":11,"column":17},"end":{"line":11,"column":21}},"3":{"start":{"line":12,"column":4},"end":{"line":20,"column":5}},"4":{"start":{"line":12,"column":17},"end":{"line":12,"column":18}},"5":{"start":{"line":13,"column":21},"end":{"line":13,"column":44}},"6":{"start":{"line":14,"column":21},"end":{"line":14,"column":39}},"7":{"start":{"line":16,"column":8},"end":{"line":19,"column":9}},"8":{"start":{"line":17,"column":12},"end":{"line":17,"column":23}},"9":{"start":{"line":18,"column":12},"end":{"line":18,"column":18}},"10":{"start":{"line":21,"column":31},"end":{"line":21,"column":35}},"11":{"start":{"line":22,"column":4},"end":{"line":28,"column":5}},"12":{"start":{"line":23,"column":8},"end":{"line":23,"column":77}},"13":{"start":{"line":24,"column":8},"end":{"line":27,"column":9}},"14":{"start":{"line":25,"column":12},"end":{"line":25,"column":32}},"15":{"start":{"line":26,"column":12},"end":{"line":26,"column":83}},"16":{"start":{"line":30,"column":4},"end":{"line":30,"column":32}},"17":{"start":{"line":42,"column":4},"end":{"line":66,"column":5}},"18":{"start":{"line":43,"column":8},"end":{"line":47,"column":10}},"19":{"start":{"line":48,"column":11},"end":{"line":66,"column":5}},"20":{"start":{"line":49,"column":8},"end":{"line":53,"column":10}},"21":{"start":{"line":54,"column":11},"end":{"line":66,"column":5}},"22":{"start":{"line":55,"column":8},"end":{"line":59,"column":10}},"23":{"start":{"line":61,"column":8},"end":{"line":65,"column":10}},"24":{"start":{"line":68,"column":4},"end":{"line":68,"column":25}}},"fnMap":{"0":{"name":"processData","decl":{"start":{"line":6,"column":16},"end":{"line":6,"column":27}},"loc":{"start":{"line":6,"column":39},"end":{"line":31,"column":1}},"line":6},"1":{"name":"processWeatherConditions","decl":{"start":{"line":38,"column":16},"end":{"line":38,"column":40}},"loc":{"start":{"line":38,"column":64},"end":{"line":69,"column":1}},"line":38}},"branchMap":{"0":{"loc":{"start":{"line":16,"column":8},"end":{"line":19,"column":9}},"type":"if","locations":[{"start":{"line":16,"column":8},"end":{"line":19,"column":9}},{"start":{},"end":{}}],"line":16},"1":{"loc":{"start":{"line":22,"column":4},"end":{"line":28,"column":5}},"type":"if","locations":[{"start":{"line":22,"column":4},"end":{"line":28,"column":5}},{"start":{},"end":{}}],"line":22},"2":{"loc":{"start":{"line":24,"column":8},"end":{"line":27,"column":9}},"type":"if","locations":[{"start":{"line":24,"column":8},"end":{"line":27,"column":9}},{"start":{},"end":{}}],"line":24},"3":{"loc":{"start":{"line":42,"column":4},"end":{"line":66,"column":5}},"type":"if","locations":[{"start":{"line":42,"column":4},"end":{"line":66,"column":5}},{"start":{"line":48,"column":11},"end":{"line":66,"column":5}}],"line":42},"4":{"loc":{"start":{"line":48,"column":11},"end":{"line":66,"column":5}},"type":"if","locations":[{"start":{"line":48,"column":11},"end":{"line":66,"column":5}},{"start":{"line":54,"column":11},"end":{"line":66,"column":5}}],"line":48},"5":{"loc":{"start":{"line":48,"column":15},"end":{"line":48,"column":66}},"type":"binary-expr","locations":[{"start":{"line":48,"column":15},"end":{"line":48,"column":32}},{"start":{"line":48,"column":37},"end":{"line":48,"column":65}}],"line":48},"6":{"loc":{"start":{"line":54,"column":11},"end":{"line":66,"column":5}},"type":"if","locations":[{"start":{"line":54,"column":11},"end":{"line":66,"column":5}},{"start":{"line":60,"column":11},"end":{"line":66,"column":5}}],"line":54}},"s":{"0":2,"1":2,"2":2,"3":2,"4":2,"5":48,"6":48,"7":48,"8":2,"9":2,"10":2,"11":2,"12":2,"13":2,"14":2,"15":2,"16":2,"17":8,"18":1,"19":7,"20":1,"21":6,"22":1,"23":5,"24":8},"f":{"0":2,"1":8},"b":{"0":[2,46],"1":[2,0],"2":[2,0],"3":[1,7],"4":[1,6],"5":[7,2],"6":[1,5]},"_coverageSchema":"1a1c01bbd47fc00a2c39e90264f33305004495a9","hash":"ca2e6cf14c8e87b6d5fe74020b2640643ca3d6ae"}
,"C:\\Users\\WackyMachine\\Documents\\GitHub\\Cloud-App\\src\\controllers\\nextDayPrediction\\weatherCalculator.ts": {"path":"C:\\Users\\WackyMachine\\Documents\\GitHub\\Cloud-App\\src\\controllers\\nextDayPrediction\\weatherCalculator.ts","statementMap":{"0":{"start":{"line":11,"column":3},"end":{"line":14,"column":4}},"1":{"start":{"line":12,"column":6},"end":{"line":12,"column":63}},"2":{"start":{"line":13,"column":6},"end":{"line":13,"column":66}},"3":{"start":{"line":16,"column":3},"end":{"line":30,"column":4}},"4":{"start":{"line":17,"column":6},"end":{"line":20,"column":7}},"5":{"start":{"line":21,"column":10},"end":{"line":30,"column":4}},"6":{"start":{"line":22,"column":6},"end":{"line":25,"column":7}},"7":{"start":{"line":27,"column":6},"end":{"line":29,"column":7}},"8":{"start":{"line":32,"column":3},"end":{"line":32,"column":17}},"9":{"start":{"line":42,"column":3},"end":{"line":49,"column":4}},"10":{"start":{"line":43,"column":6},"end":{"line":48,"column":7}},"11":{"start":{"line":44,"column":29},"end":{"line":44,"column":39}},"12":{"start":{"line":45,"column":9},"end":{"line":47,"column":10}},"13":{"start":{"line":46,"column":12},"end":{"line":46,"column":24}},"14":{"start":{"line":51,"column":3},"end":{"line":51,"column":16}},"15":{"start":{"line":60,"column":3},"end":{"line":67,"column":4}},"16":{"start":{"line":61,"column":6},"end":{"line":66,"column":7}},"17":{"start":{"line":62,"column":29},"end":{"line":62,"column":39}},"18":{"start":{"line":63,"column":9},"end":{"line":65,"column":10}},"19":{"start":{"line":64,"column":12},"end":{"line":64,"column":23}},"20":{"start":{"line":69,"column":3},"end":{"line":69,"column":16}}},"fnMap":{"0":{"name":"processNextDayWeather","decl":{"start":{"line":6,"column":16},"end":{"line":6,"column":37}},"loc":{"start":{"line":6,"column":49},"end":{"line":33,"column":1}},"line":6},"1":{"name":"scanTemperature","decl":{"start":{"line":40,"column":16},"end":{"line":40,"column":31}},"loc":{"start":{"line":40,"column":43},"end":{"line":52,"column":1}},"line":40},"2":{"name":"scanSoilFrost","decl":{"start":{"line":59,"column":16},"end":{"line":59,"column":29}},"loc":{"start":{"line":59,"column":41},"end":{"line":70,"column":1}},"line":59}},"branchMap":{"0":{"loc":{"start":{"line":11,"column":3},"end":{"line":14,"column":4}},"type":"if","locations":[{"start":{"line":11,"column":3},"end":{"line":14,"column":4}},{"start":{},"end":{}}],"line":11},"1":{"loc":{"start":{"line":16,"column":3},"end":{"line":30,"column":4}},"type":"if","locations":[{"start":{"line":16,"column":3},"end":{"line":30,"column":4}},{"start":{"line":21,"column":10},"end":{"line":30,"column":4}}],"line":16},"2":{"loc":{"start":{"line":21,"column":10},"end":{"line":30,"column":4}},"type":"if","locations":[{"start":{"line":21,"column":10},"end":{"line":30,"column":4}},{"start":{"line":26,"column":10},"end":{"line":30,"column":4}}],"line":21},"3":{"loc":{"start":{"line":43,"column":6},"end":{"line":48,"column":7}},"type":"if","locations":[{"start":{"line":43,"column":6},"end":{"line":48,"column":7}},{"start":{},"end":{}}],"line":43},"4":{"loc":{"start":{"line":45,"column":9},"end":{"line":47,"column":10}},"type":"if","locations":[{"start":{"line":45,"column":9},"end":{"line":47,"column":10}},{"start":{},"end":{}}],"line":45},"5":{"loc":{"start":{"line":61,"column":6},"end":{"line":66,"column":7}},"type":"if","locations":[{"start":{"line":61,"column":6},"end":{"line":66,"column":7}},{"start":{},"end":{}}],"line":61},"6":{"loc":{"start":{"line":63,"column":9},"end":{"line":65,"column":10}},"type":"if","locations":[{"start":{"line":63,"column":9},"end":{"line":65,"column":10}},{"start":{},"end":{}}],"line":63}},"s":{"0":4,"1":4,"2":4,"3":4,"4":1,"5":3,"6":1,"7":2,"8":4,"9":6,"10":118,"11":118,"12":118,"13":2,"14":4,"15":6,"16":113,"17":113,"18":113,"19":2,"20":4},"f":{"0":4,"1":6,"2":6},"b":{"0":[4,0],"1":[1,3],"2":[1,2],"3":[118,0],"4":[2,116],"5":[113,0],"6":[2,111]},"_coverageSchema":"1a1c01bbd47fc00a2c39e90264f33305004495a9","hash":"a55c22a57fab58b58bede7cea61da712fecde0c4"}
}
