TN:
SF:src\controllers\weatherAlarm.ts
FN:11,(anonymous_0)
FN:35,(anonymous_1)
FNF:2
FNH:2
FNDA:1,(anonymous_0)
FNDA:1,(anonymous_1)
DA:11,1
DA:12,1
DA:13,1
DA:15,1
DA:16,1
DA:17,1
DA:19,1
DA:20,1
DA:21,1
DA:23,1
DA:25,1
DA:27,0
DA:35,1
DA:36,1
DA:37,1
DA:38,1
DA:39,1
DA:40,1
DA:42,1
DA:44,1
DA:46,0
LF:21
LH:19
BRF:0
BRH:0
end_of_record
TN:
SF:src\controllers\weatherHistory.ts
FN:12,(anonymous_0)
FN:42,(anonymous_1)
FNF:2
FNH:2
FNDA:3,(anonymous_0)
FNDA:3,(anonymous_1)
DA:12,1
DA:13,3
DA:14,3
DA:16,3
DA:18,3
DA:19,1
DA:22,2
DA:23,2
DA:25,2
DA:27,1
DA:28,1
DA:29,1
DA:31,1
DA:33,2
DA:42,1
DA:43,3
DA:44,3
DA:46,3
DA:48,3
DA:49,2
DA:52,1
DA:53,1
DA:55,1
DA:57,1
DA:58,1
DA:59,1
DA:61,1
DA:63,1
DA:65,1
DA:67,2
LF:30
LH:30
BRDA:18,0,0,1
BRDA:18,0,1,2
BRDA:48,1,0,2
BRDA:48,1,1,1
BRF:4
BRH:4
end_of_record
TN:
SF:src\controllers\geoAPI\cityLocation.ts
FN:8,cityFetch
FNF:1
FNH:1
FNDA:4,cityFetch
DA:9,4
DA:10,4
DA:11,1
DA:14,3
DA:15,3
DA:16,2
DA:18,2
DA:19,2
DA:23,2
DA:26,0
DA:29,2
LF:11
LH:10
BRDA:10,0,0,1
BRDA:10,0,1,3
BRDA:10,1,0,4
BRDA:10,1,1,3
BRDA:18,2,0,2
BRDA:18,2,1,0
BRDA:18,3,0,2
BRDA:18,3,1,2
BRDA:18,3,2,2
BRF:9
BRH:8
end_of_record
TN:
SF:src\controllers\historyCalculator\dateCalculator.ts
FN:6,determineDates
FN:43,determineMonth
FN:62,determineLeapYear
FNF:3
FNH:3
FNDA:6,determineDates
FNDA:7,determineMonth
FNDA:4,determineLeapYear
DA:7,6
DA:9,6
DA:11,6
DA:12,2
DA:13,1
DA:15,1
DA:18,4
DA:19,0
DA:21,4
DA:25,6
DA:27,6
DA:28,6
DA:30,6
DA:35,6
DA:44,7
DA:51,7
DA:52,6
DA:54,1
DA:63,4
LF:19
LH:18
BRDA:11,0,0,2
BRDA:11,0,1,4
BRDA:12,1,0,1
BRDA:12,1,1,1
BRDA:18,2,0,0
BRDA:18,2,1,4
BRDA:51,3,0,6
BRDA:51,3,1,1
BRDA:51,4,0,7
BRDA:51,4,1,7
BRDA:63,5,0,4
BRDA:63,5,1,2
BRDA:63,5,2,2
BRF:13
BRH:12
end_of_record
TN:
SF:src\controllers\historyCalculator\monthCalculator.ts
FN:13,calculatePerMonth
FN:55,calculateTempurature
FN:60,(anonymous_2)
FN:74,calculatePrecipitation
FN:79,(anonymous_4)
FNF:5
FNH:5
FNDA:2,calculatePerMonth
FNDA:5,calculateTempurature
FNDA:1095,(anonymous_2)
FNDA:5,calculatePrecipitation
FNDA:1095,(anonymous_4)
DA:14,2
DA:17,2
DA:18,730
DA:19,730
DA:20,730
DA:21,730
DA:22,730
DA:25,730
DA:26,4
DA:29,730
DA:30,24
DA:32,706
DA:33,706
DA:37,2
DA:38,2
DA:39,4
DA:40,4
DA:41,4
DA:47,2
DA:56,5
DA:58,5
DA:59,36
DA:60,1095
DA:61,36
DA:62,36
DA:63,36
DA:66,5
DA:75,5
DA:77,5
DA:78,36
DA:79,1095
DA:80,36
DA:81,36
DA:82,36
DA:85,5
LF:35
LH:35
BRDA:25,0,0,4
BRDA:25,0,1,726
BRDA:29,1,0,24
BRDA:29,1,1,706
BRF:4
BRH:4
end_of_record
TN:
SF:src\controllers\hourPrediction\weatherUtils.ts
FN:6,processData
FN:38,processWeatherConditions
FNF:2
FNH:2
FNDA:2,processData
FNDA:8,processWeatherConditions
DA:8,2
DA:9,2
DA:11,2
DA:12,2
DA:13,48
DA:14,48
DA:16,48
DA:17,2
DA:18,2
DA:21,2
DA:22,2
DA:23,2
DA:24,2
DA:25,2
DA:26,2
DA:30,2
DA:42,8
DA:43,1
DA:48,7
DA:49,1
DA:54,6
DA:55,1
DA:61,5
DA:68,8
LF:24
LH:24
BRDA:16,0,0,2
BRDA:16,0,1,46
BRDA:22,1,0,2
BRDA:22,1,1,0
BRDA:24,2,0,2
BRDA:24,2,1,0
BRDA:42,3,0,1
BRDA:42,3,1,7
BRDA:48,4,0,1
BRDA:48,4,1,6
BRDA:48,5,0,7
BRDA:48,5,1,2
BRDA:54,6,0,1
BRDA:54,6,1,5
BRF:14
BRH:12
end_of_record
TN:
SF:src\controllers\nextDayPrediction\weatherCalculator.ts
FN:6,processNextDayWeather
FN:40,scanTemperature
FN:59,scanSoilFrost
FNF:3
FNH:3
FNDA:4,processNextDayWeather
FNDA:6,scanTemperature
FNDA:6,scanSoilFrost
DA:11,4
DA:12,4
DA:13,4
DA:16,4
DA:17,1
DA:21,3
DA:22,1
DA:27,2
DA:32,4
DA:42,6
DA:43,118
DA:44,118
DA:45,118
DA:46,2
DA:51,4
DA:60,6
DA:61,113
DA:62,113
DA:63,113
DA:64,2
DA:69,4
LF:21
LH:21
BRDA:11,0,0,4
BRDA:11,0,1,0
BRDA:16,1,0,1
BRDA:16,1,1,3
BRDA:21,2,0,1
BRDA:21,2,1,2
BRDA:43,3,0,118
BRDA:43,3,1,0
BRDA:45,4,0,2
BRDA:45,4,1,116
BRDA:61,5,0,113
BRDA:61,5,1,0
BRDA:63,6,0,2
BRDA:63,6,1,111
BRF:14
BRH:11
end_of_record
